<?xml version="1.0" encoding="UTF-8"?>
<!-- Generated by org.testng.reporters.JUnitReportReporter -->
<testsuite hostname="DESKTOP-2T7UG8B" failures="1" tests="9" name="testrunner.Multipleitemtestng" time="25.394" errors="0" timestamp="2023-05-04T22:39:05 IST" skipped="0">
  <testcase classname="testrunner.Multipleitemtestng" name="runScenario" time="0.185"/>
  <system-out/>
  <testcase classname="testrunner.Multipleitemtestng" name="runScenario" time="1.231">
    <failure message="expected [true] but found [false]" type="java.lang.AssertionError">
      <![CDATA[java.lang.AssertionError: expected [true] but found [false]
at org.testng.Assert.fail(Assert.java:110)
at org.testng.Assert.failNotEquals(Assert.java:1577)
at org.testng.Assert.assertTrue(Assert.java:56)
at org.testng.Assert.assertTrue(Assert.java:66)
at stepdefinitions.Greencartmultiitemchoose.multiple_product_should_added_to_the_cart(Greencartmultiitemchoose.java:135)
at âœ½.multiple product should added to the cart(file:///D:/mywork/cucumber_rahul_greencart/src/test/resources/features/greencartmultiitemchoose.feature:19)
]]>
    </failure>
  </testcase> <!-- runScenario -->
  <system-out/>
  <testcase classname="testrunner.Multipleitemtestng" name="runScenario" time="5.571"/>
  <system-out/>
  <testcase classname="testrunner.Multipleitemtestng" name="runScenario" time="0.724"/>
  <system-out/>
  <testcase classname="testrunner.Multipleitemtestng" name="runScenario" time="0.189"/>
  <system-out/>
  <testcase classname="testrunner.Multipleitemtestng" name="runScenario" time="0.276"/>
  <system-out/>
  <testcase classname="testrunner.Multipleitemtestng" name="runScenario" time="2.946"/>
  <system-out/>
  <testcase classname="testrunner.Multipleitemtestng" name="runScenario" time="12.141"/>
  <system-out/>
  <testcase classname="testrunner.Multipleitemtestng" name="runScenario" time="2.131"/>
  <system-out/>
</testsuite> <!-- testrunner.Multipleitemtestng -->
