<?xml version="1.0" encoding="UTF-8"?>
<!-- Generated by org.testng.reporters.JUnitReportReporter -->
<testsuite hostname="DESKTOP-2T7UG8B" failures="0" tests="1" name="testrunner.Testngtestrunner" time="1.204" errors="1" timestamp="2023-04-26T20:03:29 IST" skipped="0">
  <testcase classname="testrunner.Testngtestrunner" name="setUpClass" time="1.204">
    <error message="Failed to parse resource at: file:///D:/mywork/cucumber_rahul_greencart/src/test/resources/features/greencartwholescenario.feature
(2:1): expected: #TagLine, #FeatureLine, #Comment, #Empty, got &#039;Scenario: validate whole greencart scenario&#039;
(4:1): expected: #TagLine, #FeatureLine, #Comment, #Empty, got &#039;Given user is on rahulshetty greencart page&#039;
(6:1): expected: #TagLine, #FeatureLine, #Comment, #Empty, got &#039;When user click on add to cart button on &quot;Mango&quot; product&#039;
(8:1): expected: #TagLine, #FeatureLine, #Comment, #Empty, got &#039;And click on the cart&#039;
(10:1): expected: #TagLine, #FeatureLine, #Comment, #Empty, got &#039;Then product &quot;Mango&quot;is added to the cart&#039;
(12:1): expected: #TagLine, #FeatureLine, #Comment, #Empty, got &#039;When user click on proceed to checkout&#039;
(14:1): expected: #TagLine, #FeatureLine, #Comment, #Empty, got &#039;Then place order page is open&#039;
(16:1): expected: #TagLine, #FeatureLine, #Comment, #Empty, got &#039;And product is added to table&#039;
(18:1): expected: #TagLine, #FeatureLine, #Comment, #Empty, got &#039;When user click on place oredr button&#039;
(20:1): expected: #TagLine, #FeatureLine, #Comment, #Empty, got &#039;Then proceed page is open&#039;
(22:1): expected: #TagLine, #FeatureLine, #Comment, #Empty, got &#039;And choose country text is found&#039;" type="io.cucumber.core.gherkin.FeatureParserException">
      <![CDATA[io.cucumber.core.gherkin.FeatureParserException: Failed to parse resource at: file:///D:/mywork/cucumber_rahul_greencart/src/test/resources/features/greencartwholescenario.feature
(2:1): expected: #TagLine, #FeatureLine, #Comment, #Empty, got 'Scenario: validate whole greencart scenario'
(4:1): expected: #TagLine, #FeatureLine, #Comment, #Empty, got 'Given user is on rahulshetty greencart page'
(6:1): expected: #TagLine, #FeatureLine, #Comment, #Empty, got 'When user click on add to cart button on "Mango" product'
(8:1): expected: #TagLine, #FeatureLine, #Comment, #Empty, got 'And click on the cart'
(10:1): expected: #TagLine, #FeatureLine, #Comment, #Empty, got 'Then product "Mango"is added to the cart'
(12:1): expected: #TagLine, #FeatureLine, #Comment, #Empty, got 'When user click on proceed to checkout'
(14:1): expected: #TagLine, #FeatureLine, #Comment, #Empty, got 'Then place order page is open'
(16:1): expected: #TagLine, #FeatureLine, #Comment, #Empty, got 'And product is added to table'
(18:1): expected: #TagLine, #FeatureLine, #Comment, #Empty, got 'When user click on place oredr button'
(20:1): expected: #TagLine, #FeatureLine, #Comment, #Empty, got 'Then proceed page is open'
(22:1): expected: #TagLine, #FeatureLine, #Comment, #Empty, got 'And choose country text is found'
at io.cucumber.core.gherkin.messages.GherkinMessagesFeatureParser.parse(GherkinMessagesFeatureParser.java:56)
at io.cucumber.core.feature.FeatureParser.parseResource(FeatureParser.java:46)
at java.base/java.util.function.BiFunction.lambda$andThen$0(BiFunction.java:70)
at io.cucumber.core.resource.ResourceScanner.lambda$processResource$1(ResourceScanner.java:79)
at io.cucumber.core.resource.PathScanner$ResourceFileVisitor.visitFile(PathScanner.java:75)
at io.cucumber.core.resource.PathScanner$ResourceFileVisitor.visitFile(PathScanner.java:60)
at java.base/java.nio.file.Files.walkFileTree(Files.java:2811)
at io.cucumber.core.resource.PathScanner.findResourcesForPath(PathScanner.java:53)
at io.cucumber.core.resource.PathScanner.findResourcesForUri(PathScanner.java:31)
at io.cucumber.core.resource.ResourceScanner.findResourcesForUri(ResourceScanner.java:61)
at io.cucumber.core.resource.ResourceScanner.scanForResourcesUri(ResourceScanner.java:134)
at io.cucumber.core.runtime.FeaturePathFeatureSupplier.loadFeatures(FeaturePathFeatureSupplier.java:62)
at io.cucumber.core.runtime.FeaturePathFeatureSupplier.get(FeaturePathFeatureSupplier.java:45)
at io.cucumber.testng.TestNGCucumberRunner.<init>(TestNGCucumberRunner.java:122)
at io.cucumber.testng.AbstractTestNGCucumberTests.setUpClass(AbstractTestNGCucumberTests.java:27)
at java.base/jdk.internal.reflect.NativeMethodAccessorImpl.invoke0(Native Method)
at java.base/jdk.internal.reflect.NativeMethodAccessorImpl.invoke(NativeMethodAccessorImpl.java:77)
at java.base/jdk.internal.reflect.DelegatingMethodAccessorImpl.invoke(DelegatingMethodAccessorImpl.java:43)
at java.base/java.lang.reflect.Method.invoke(Method.java:568)
at org.testng.internal.invokers.MethodInvocationHelper.invokeMethod(MethodInvocationHelper.java:139)
at org.testng.internal.invokers.MethodInvocationHelper.invokeMethodConsideringTimeout(MethodInvocationHelper.java:69)
at org.testng.internal.invokers.ConfigInvoker.invokeConfigurationMethod(ConfigInvoker.java:361)
at org.testng.internal.invokers.ConfigInvoker.invokeConfigurations(ConfigInvoker.java:296)
at org.testng.internal.invokers.TestMethodWorker.invokeBeforeClassMethods(TestMethodWorker.java:180)
at org.testng.internal.invokers.TestMethodWorker.run(TestMethodWorker.java:122)
at java.base/java.util.ArrayList.forEach(ArrayList.java:1511)
at org.testng.TestRunner.privateRun(TestRunner.java:829)
at org.testng.TestRunner.run(TestRunner.java:602)
at org.testng.SuiteRunner.runTest(SuiteRunner.java:437)
at org.testng.SuiteRunner.runSequentially(SuiteRunner.java:431)
at org.testng.SuiteRunner.privateRun(SuiteRunner.java:391)
at org.testng.SuiteRunner.run(SuiteRunner.java:330)
at org.testng.SuiteRunnerWorker.runSuite(SuiteRunnerWorker.java:52)
at org.testng.SuiteRunnerWorker.run(SuiteRunnerWorker.java:95)
at org.testng.TestNG.runSuitesSequentially(TestNG.java:1256)
at org.testng.TestNG.runSuitesLocally(TestNG.java:1176)
at org.testng.TestNG.runSuites(TestNG.java:1099)
at org.testng.TestNG.run(TestNG.java:1067)
at org.testng.remote.AbstractRemoteTestNG.run(AbstractRemoteTestNG.java:115)
at org.testng.remote.RemoteTestNG.initAndRun(RemoteTestNG.java:251)
at org.testng.remote.RemoteTestNG.main(RemoteTestNG.java:77)
]]>
    </error>
  </testcase> <!-- setUpClass -->
  <system-out/>
</testsuite> <!-- testrunner.Testngtestrunner -->
